build/app/intermediates/manifest_merge_blame_file/release/manifest-merger-blame-release-report.txt
1<?xml version="1.0" encoding="utf-8"?>
2<manifest xmlns:android="http://schemas.android.com/apk/res/android"
3    package="com.example.fomulario_asistencia_cite"
4    android:versionCode="1"
5    android:versionName="1.0.0" >
6
7    <uses-sdk
8        android:minSdkVersion="21"
8-->src/main/AndroidManifest.xml
9        android:targetSdkVersion="34" />
9-->src/main/AndroidManifest.xml
10    <!--
11         Required to query activities that can process text, see:
12         https://developer.android.com/training/package-visibility?hl=en and
13         https://developer.android.com/reference/android/content/Intent#ACTION_PROCESS_TEXT.
14
15         In particular, this is used by the Flutter engine in io.flutter.plugin.text.ProcessTextPlugin.
16    -->
17    <queries>
17-->src/main/AndroidManifest.xml:38:5-43:15
18        <intent>
18-->src/main/AndroidManifest.xml:39:9-42:18
19            <action android:name="android.intent.action.PROCESS_TEXT" />
19-->src/main/AndroidManifest.xml:40:13-72
19-->src/main/AndroidManifest.xml:40:21-70
20
21            <data android:mimeType="text/plain" />
21-->src/main/AndroidManifest.xml:41:13-50
21-->src/main/AndroidManifest.xml:41:19-48
22        </intent>
23    </queries>
24
25    <permission
25-->[androidx.core:core:1.10.1] AndroidManifest.xml:22:5-24:47
26        android:name="com.example.fomulario_asistencia_cite.DYNAMIC_RECEIVER_NOT_EXPORTED_PERMISSION"
26-->[androidx.core:core:1.10.1] AndroidManifest.xml:23:9-81
27        android:protectionLevel="signature" />
27-->[androidx.core:core:1.10.1] AndroidManifest.xml:24:9-44
28
29    <uses-permission android:name="com.example.fomulario_asistencia_cite.DYNAMIC_RECEIVER_NOT_EXPORTED_PERMISSION" />
29-->[androidx.core:core:1.10.1] AndroidManifest.xml:26:5-97
29-->[androidx.core:core:1.10.1] AndroidManifest.xml:26:22-94
30
31    <application
32        android:name="android.app.Application"
32-->src/main/AndroidManifest.xml:4:9-42
33        android:appComponentFactory="androidx.core.app.CoreComponentFactory"
33-->[androidx.core:core:1.10.1] AndroidManifest.xml:28:18-86
34        android:icon="@mipmap/ic_launcher"
34-->src/main/AndroidManifest.xml:5:9-43
35        android:label="fomulario_asistencia_cite" >
35-->src/main/AndroidManifest.xml:3:9-50
36        <activity
36-->src/main/AndroidManifest.xml:6:9-26:20
37            android:name="com.example.fomulario_asistencia_cite.MainActivity"
37-->src/main/AndroidManifest.xml:7:13-41
38            android:configChanges="orientation|keyboardHidden|keyboard|screenSize|smallestScreenSize|locale|layoutDirection|fontScale|screenLayout|density|uiMode"
38-->src/main/AndroidManifest.xml:11:13-163
39            android:exported="true"
39-->src/main/AndroidManifest.xml:8:13-36
40            android:hardwareAccelerated="true"
40-->src/main/AndroidManifest.xml:12:13-47
41            android:launchMode="singleTop"
41-->src/main/AndroidManifest.xml:9:13-43
42            android:theme="@style/LaunchTheme"
42-->src/main/AndroidManifest.xml:10:13-47
43            android:windowSoftInputMode="adjustResize" >
43-->src/main/AndroidManifest.xml:13:13-55
44
45            <!--
46                 Specifies an Android theme to apply to this Activity as soon as
47                 the Android process has started. This theme is visible to the user
48                 while the Flutter UI initializes. After that, this theme continues
49                 to determine the Window background behind the Flutter UI.
50            -->
51            <meta-data
51-->src/main/AndroidManifest.xml:18:13-21:17
52                android:name="io.flutter.embedding.android.NormalTheme"
52-->src/main/AndroidManifest.xml:19:15-70
53                android:resource="@style/NormalTheme" />
53-->src/main/AndroidManifest.xml:20:15-52
54
55            <intent-filter>
55-->src/main/AndroidManifest.xml:22:13-25:29
56                <action android:name="android.intent.action.MAIN" />
56-->src/main/AndroidManifest.xml:23:17-68
56-->src/main/AndroidManifest.xml:23:25-66
57
58                <category android:name="android.intent.category.LAUNCHER" />
58-->src/main/AndroidManifest.xml:24:17-76
58-->src/main/AndroidManifest.xml:24:27-74
59            </intent-filter>
60        </activity>
61        <!--
62             Don't delete the meta-data below.
63             This is used by the Flutter tool to generate GeneratedPluginRegistrant.java
64        -->
65        <meta-data
65-->src/main/AndroidManifest.xml:29:9-31:33
66            android:name="flutterEmbedding"
66-->src/main/AndroidManifest.xml:30:13-44
67            android:value="2" />
67-->src/main/AndroidManifest.xml:31:13-30
68
69        <provider
69-->[:image_picker_android] AndroidManifest.xml:11:9-19:20
70            android:name="io.flutter.plugins.imagepicker.ImagePickerFileProvider"
70-->[:image_picker_android] AndroidManifest.xml:12:13-82
71            android:authorities="com.example.fomulario_asistencia_cite.flutter.image_provider"
71-->[:image_picker_android] AndroidManifest.xml:13:13-74
72            android:exported="false"
72-->[:image_picker_android] AndroidManifest.xml:14:13-37
73            android:grantUriPermissions="true" >
73-->[:image_picker_android] AndroidManifest.xml:15:13-47
74            <meta-data
74-->[:image_picker_android] AndroidManifest.xml:16:13-18:75
75                android:name="android.support.FILE_PROVIDER_PATHS"
75-->[:image_picker_android] AndroidManifest.xml:17:17-67
76                android:resource="@xml/flutter_image_picker_file_paths" />
76-->[:image_picker_android] AndroidManifest.xml:18:17-72
77        </provider> <!-- Trigger Google Play services to install the backported photo picker module. -->
78        <service
78-->[:image_picker_android] AndroidManifest.xml:21:9-33:19
79            android:name="com.google.android.gms.metadata.ModuleDependencies"
79-->[:image_picker_android] AndroidManifest.xml:22:13-78
80            android:enabled="false"
80-->[:image_picker_android] AndroidManifest.xml:23:13-36
81            android:exported="false" >
81-->[:image_picker_android] AndroidManifest.xml:24:13-37
82            <intent-filter>
82-->[:image_picker_android] AndroidManifest.xml:26:13-28:29
83                <action android:name="com.google.android.gms.metadata.MODULE_DEPENDENCIES" />
83-->[:image_picker_android] AndroidManifest.xml:27:17-94
83-->[:image_picker_android] AndroidManifest.xml:27:25-91
84            </intent-filter>
85
86            <meta-data
86-->[:image_picker_android] AndroidManifest.xml:30:13-32:36
87                android:name="photopicker_activity:0:required"
87-->[:image_picker_android] AndroidManifest.xml:31:17-63
88                android:value="" />
88-->[:image_picker_android] AndroidManifest.xml:32:17-33
89        </service>
90
91        <activity
91-->[:url_launcher_android] AndroidManifest.xml:10:9-13:74
92            android:name="io.flutter.plugins.urllauncher.WebViewActivity"
92-->[:url_launcher_android] AndroidManifest.xml:11:13-74
93            android:exported="false"
93-->[:url_launcher_android] AndroidManifest.xml:12:13-37
94            android:theme="@android:style/Theme.NoTitleBar.Fullscreen" />
94-->[:url_launcher_android] AndroidManifest.xml:13:13-71
95
96        <uses-library
96-->[androidx.window:window:1.0.0-beta04] AndroidManifest.xml:25:9-27:40
97            android:name="androidx.window.extensions"
97-->[androidx.window:window:1.0.0-beta04] AndroidManifest.xml:26:13-54
98            android:required="false" />
98-->[androidx.window:window:1.0.0-beta04] AndroidManifest.xml:27:13-37
99        <uses-library
99-->[androidx.window:window:1.0.0-beta04] AndroidManifest.xml:28:9-30:40
100            android:name="androidx.window.sidecar"
100-->[androidx.window:window:1.0.0-beta04] AndroidManifest.xml:29:13-51
101            android:required="false" />
101-->[androidx.window:window:1.0.0-beta04] AndroidManifest.xml:30:13-37
102
103        <provider
103-->[androidx.profileinstaller:profileinstaller:1.3.0] AndroidManifest.xml:24:9-32:20
104            android:name="androidx.startup.InitializationProvider"
104-->[androidx.profileinstaller:profileinstaller:1.3.0] AndroidManifest.xml:25:13-67
105            android:authorities="com.example.fomulario_asistencia_cite.androidx-startup"
105-->[androidx.profileinstaller:profileinstaller:1.3.0] AndroidManifest.xml:26:13-68
106            android:exported="false" >
106-->[androidx.profileinstaller:profileinstaller:1.3.0] AndroidManifest.xml:27:13-37
107            <meta-data
107-->[androidx.profileinstaller:profileinstaller:1.3.0] AndroidManifest.xml:29:13-31:52
108                android:name="androidx.profileinstaller.ProfileInstallerInitializer"
108-->[androidx.profileinstaller:profileinstaller:1.3.0] AndroidManifest.xml:30:17-85
109                android:value="androidx.startup" />
109-->[androidx.profileinstaller:profileinstaller:1.3.0] AndroidManifest.xml:31:17-49
110        </provider>
111
112        <receiver
112-->[androidx.profileinstaller:profileinstaller:1.3.0] AndroidManifest.xml:34:9-52:20
113            android:name="androidx.profileinstaller.ProfileInstallReceiver"
113-->[androidx.profileinstaller:profileinstaller:1.3.0] AndroidManifest.xml:35:13-76
114            android:directBootAware="false"
114-->[androidx.profileinstaller:profileinstaller:1.3.0] AndroidManifest.xml:36:13-44
115            android:enabled="true"
115-->[androidx.profileinstaller:profileinstaller:1.3.0] AndroidManifest.xml:37:13-35
116            android:exported="true"
116-->[androidx.profileinstaller:profileinstaller:1.3.0] AndroidManifest.xml:38:13-36
117            android:permission="android.permission.DUMP" >
117-->[androidx.profileinstaller:profileinstaller:1.3.0] AndroidManifest.xml:39:13-57
118            <intent-filter>
118-->[androidx.profileinstaller:profileinstaller:1.3.0] AndroidManifest.xml:40:13-42:29
119                <action android:name="androidx.profileinstaller.action.INSTALL_PROFILE" />
119-->[androidx.profileinstaller:profileinstaller:1.3.0] AndroidManifest.xml:41:17-91
119-->[androidx.profileinstaller:profileinstaller:1.3.0] AndroidManifest.xml:41:25-88
120            </intent-filter>
121            <intent-filter>
121-->[androidx.profileinstaller:profileinstaller:1.3.0] AndroidManifest.xml:43:13-45:29
122                <action android:name="androidx.profileinstaller.action.SKIP_FILE" />
122-->[androidx.profileinstaller:profileinstaller:1.3.0] AndroidManifest.xml:44:17-85
122-->[androidx.profileinstaller:profileinstaller:1.3.0] AndroidManifest.xml:44:25-82
123            </intent-filter>
124            <intent-filter>
124-->[androidx.profileinstaller:profileinstaller:1.3.0] AndroidManifest.xml:46:13-48:29
125                <action android:name="androidx.profileinstaller.action.SAVE_PROFILE" />
125-->[androidx.profileinstaller:profileinstaller:1.3.0] AndroidManifest.xml:47:17-88
125-->[androidx.profileinstaller:profileinstaller:1.3.0] AndroidManifest.xml:47:25-85
126            </intent-filter>
127            <intent-filter>
127-->[androidx.profileinstaller:profileinstaller:1.3.0] AndroidManifest.xml:49:13-51:29
128                <action android:name="androidx.profileinstaller.action.BENCHMARK_OPERATION" />
128-->[androidx.profileinstaller:profileinstaller:1.3.0] AndroidManifest.xml:50:17-95
128-->[androidx.profileinstaller:profileinstaller:1.3.0] AndroidManifest.xml:50:25-92
129            </intent-filter>
130        </receiver>
131    </application>
132
133</manifest>